12.05.2022-09:38:24 main                                          DBLOG           Connecting to database
12.05.2022-09:38:25 loop                                          Main            Websiteupdate requested
12.05.2022-09:38:25 loop                                          Main            Successfully updated 2 websites
12.05.2022-09:38:25 loop                                          Main            Pingrequest requested
12.05.2022-09:38:35 HTTP-Dispatcher                               Main            Successfully updated 3 websites
12.05.2022-09:38:56 loop                                          Main            Pingrequest requested
12.05.2022-09:39:26 loop                                          Main            Pingrequest requested
12.05.2022-09:39:28 loop                                          Main            Pingrequest requested
12.05.2022-09:39:41 HTTP-Dispatcher                               Main            Successfully updated 3 websites
12.05.2022-09:39:50 HTTP-Dispatcher                               Main            Successfully updated 2 websites
12.05.2022-09:39:58 loop                                          Main            Pingrequest requested
12.05.2022-09:40:28 loop                                          Main            Pingrequest requested
12.05.2022-09:40:29 loop                                          Main            Pingrequest requested
12.05.2022-09:40:55 HTTP-Dispatcher                               Main            Successfully updated 2 websites
12.05.2022-09:40:59 loop                                          Main            Pingrequest requested
12.05.2022-09:41:13 HTTP-Dispatcher                               Main            Successfully updated 2 websites
12.05.2022-09:41:29 loop                                          Main            Pingrequest requested
12.05.2022-09:41:31 loop                                          Main            Pingrequest requested
12.05.2022-09:41:47 HTTP-Dispatcher                               Main            Successfully updated 2 websites
12.05.2022-09:41:51 HTTP-Dispatcher                               Main            Successfully updated 2 websites
12.05.2022-09:42:01 loop                                          Main            Pingrequest requested
12.05.2022-09:42:11 HTTP-Dispatcher                               Main            Successfully updated 2 websites
12.05.2022-09:42:31 loop                                          Main            Pingrequest requested
12.05.2022-09:42:32 loop                                          Main            Pingrequest requested
12.05.2022-09:42:34 HTTP-Dispatcher                               Main            Successfully updated 2 websites
12.05.2022-09:42:40 HTTP-Dispatcher                               Main            Successfully updated 3 websites
12.05.2022-09:43:02 HTTP-Dispatcher                               Main            Successfully updated 4 websites
12.05.2022-09:43:02 loop                                          Main            Pingrequest requested
12.05.2022-09:43:19 HTTP-Dispatcher                               Main            Successfully updated 4 websites
12.05.2022-09:43:19 HTTP-Dispatcher                               Main            Successfully updated 4 websites
12.05.2022-09:43:33 loop                                          Main            Pingrequest requested
12.05.2022-09:43:35 loop                                          Main            Pingrequest requested
12.05.2022-09:44:07 loop                                          Main            Pingrequest requested
12.05.2022-09:44:38 loop                                          Main            Pingrequest requested
12.05.2022-09:44:40 loop                                          Main            Pingrequest requested
12.05.2022-09:45:11 loop                                          Main            Pingrequest requested
12.05.2022-09:45:42 loop                                          Main            Pingrequest requested
12.05.2022-09:45:44 loop                                          Main            Pingrequest requested
12.05.2022-09:46:16 loop                                          Main            Pingrequest requested
12.05.2022-09:46:47 loop                                          Main            Pingrequest requested
12.05.2022-09:46:49 loop                                          Main            Pingrequest requested
12.05.2022-09:47:20 loop                                          Main            Pingrequest requested
12.05.2022-09:47:52 loop                                          Main            Pingrequest requested
12.05.2022-09:47:54 loop                                          Main            Pingrequest requested
12.05.2022-09:48:02 HTTP-Dispatcher                               Main            Successfully updated 4 websites
12.05.2022-09:48:16 HTTP-Dispatcher                               Main            Successfully updated 4 websites
12.05.2022-09:48:23 HTTP-Dispatcher                               Main            Successfully updated 4 websites
12.05.2022-09:48:25 loop                                          Main            Pingrequest requested
12.05.2022-09:48:56 loop                                          Main            Pingrequest requested
12.05.2022-09:48:58 loop                                          Main            Pingrequest requested
12.05.2022-09:49:29 loop                                          Main            Pingrequest requested
12.05.2022-09:50:01 loop                                          Main            Pingrequest requested
12.05.2022-09:50:03 loop                                          Main            Pingrequest requested
12.05.2022-09:50:15 HTTP-Dispatcher                               Main            Successfully updated 4 websites
12.05.2022-09:50:16 HTTP-Dispatcher                               Main            Successfully updated 4 websites
12.05.2022-09:50:34 loop                                          Main            Pingrequest requested
12.05.2022-09:50:36 HTTP-Dispatcher                               Main            Successfully updated 4 websites
12.05.2022-09:50:40 HTTP-Dispatcher                               Main            Successfully updated 4 websites
12.05.2022-09:50:41 HTTP-Dispatcher                               Main            Successfully updated 4 websites
12.05.2022-09:50:42 HTTP-Dispatcher                               Main            Successfully updated 4 websites
12.05.2022-09:50:44 HTTP-Dispatcher                               Main            Successfully updated 4 websites
12.05.2022-09:50:46 HTTP-Dispatcher                               Main            Successfully updated 4 websites
12.05.2022-09:50:47 HTTP-Dispatcher                               Main            Successfully updated 4 websites
12.05.2022-09:50:47 HTTP-Dispatcher                               Main            Successfully updated 4 websites
12.05.2022-09:50:47 HTTP-Dispatcher                               Main            Successfully updated 4 websites
12.05.2022-09:51:05 loop                                          Main            Pingrequest requested
12.05.2022-09:51:08 loop                                          Main            Pingrequest requested
12.05.2022-09:51:39 loop                                          Main            Pingrequest requested
12.05.2022-09:52:10 loop                                          Main            Pingrequest requested
12.05.2022-09:52:13 loop                                          Main            Pingrequest requested
12.05.2022-09:52:37 HTTP-Dispatcher                               Main            Successfully updated 4 websites
12.05.2022-09:52:44 loop                                          Main            Pingrequest requested
12.05.2022-09:53:15 loop                                          Main            Pingrequest requested
12.05.2022-09:53:17 loop                                          Main            Pingrequest requested
12.05.2022-09:53:22 HTTP-Dispatcher                               Main            Successfully updated 4 websites
12.05.2022-09:53:24 HTTP-Dispatcher                               Main            Successfully updated 4 websites
12.05.2022-09:53:25 HTTP-Dispatcher                               Main            Successfully updated 4 websites
12.05.2022-09:53:26 HTTP-Dispatcher                               Main            Successfully updated 4 websites
12.05.2022-09:53:27 HTTP-Dispatcher                               Main            Successfully updated 4 websites
12.05.2022-09:53:36 HTTP-Dispatcher                               Main            Successfully updated 4 websites
12.05.2022-09:53:36 HTTP-Dispatcher                               Main            Successfully updated 4 websites
12.05.2022-09:53:48 loop                                          Main            Pingrequest requested
12.05.2022-09:54:20 loop                                          Main            Pingrequest requested
12.05.2022-09:54:22 loop                                          Main            Pingrequest requested
12.05.2022-09:54:53 loop                                          Main            Pingrequest requested
12.05.2022-09:55:24 loop                                          Main            Pingrequest requested
12.05.2022-09:55:26 loop                                          Main            Pingrequest requested
12.05.2022-09:55:50 HTTP-Dispatcher                               Main            Successfully updated 4 websites
12.05.2022-09:55:58 loop                                          Main            Pingrequest requested
12.05.2022-09:56:02 HTTP-Dispatcher                               Main            Successfully updated 4 websites
12.05.2022-09:56:18 HTTP-Dispatcher                               Main            Successfully updated 4 websites
12.05.2022-09:56:28 loop                                          Main            Pingrequest requested
12.05.2022-09:56:29 loop                                          Main            Pingrequest requested
12.05.2022-09:56:40 HTTP-Dispatcher                               Main            Successfully updated 4 websites
12.05.2022-09:56:59 loop                                          Main            Pingrequest requested
12.05.2022-09:57:30 loop                                          Main            Pingrequest requested
12.05.2022-09:58:12 loop                                          Main            Pingrequest requested
12.05.2022-09:59:03 loop                                          Main            Pingrequest requested
12.05.2022-09:59:15 HTTP-Dispatcher                               Main            Successfully updated 4 websites
12.05.2022-09:59:33 loop                                          Main            Pingrequest requested
12.05.2022-09:59:34 loop                                          Main            Pingrequest requested
12.05.2022-10:00:05 loop                                          Main            Pingrequest requested
12.05.2022-10:00:35 loop                                          Main            Pingrequest requested
12.05.2022-10:00:36 loop                                          Main            Pingrequest requested
