12.05.2022-09:22:39 main                                          DBLOG           Connecting to database
12.05.2022-09:22:40 loop                                          Main            Websiteupdate requested
12.05.2022-09:22:40 loop                                          Main            Successfully updated 1 websites
12.05.2022-09:22:40 loop                                          Main            Pingrequest requested
12.05.2022-09:22:43 HTTP-Dispatcher                               Main            Successfully updated 1 websites
12.05.2022-09:23:09 HTTP-Dispatcher                               Main            Successfully updated 2 websites
12.05.2022-09:23:10 loop                                          Main            Pingrequest requested
12.05.2022-09:23:40 loop                                          Main            Pingrequest requested
12.05.2022-09:23:42 loop                                          Main            Pingrequest requested
12.05.2022-09:24:12 loop                                          Main            Pingrequest requested
12.05.2022-09:24:42 loop                                          Main            Pingrequest requested
12.05.2022-09:24:43 loop                                          Main            Pingrequest requested
12.05.2022-09:25:13 loop                                          Main            Pingrequest requested
12.05.2022-09:25:43 loop                                          Main            Pingrequest requested
12.05.2022-09:25:44 loop                                          Main            Pingrequest requested
12.05.2022-09:25:55 HTTP-Dispatcher                               Main            Successfully updated 2 websites
12.05.2022-09:26:11 HTTP-Dispatcher                               Main            Successfully updated 3 websites
12.05.2022-09:26:14 loop                                          Main            Pingrequest requested
12.05.2022-09:26:44 HTTP-Dispatcher                               Main            Successfully updated 2 websites
12.05.2022-09:26:44 loop                                          Main            Pingrequest requested
12.05.2022-09:26:45 loop                                          Main            Pingrequest requested
12.05.2022-09:27:16 loop                                          Main            Pingrequest requested
12.05.2022-09:27:46 loop                                          Main            Pingrequest requested
12.05.2022-09:27:47 loop                                          Main            Pingrequest requested
12.05.2022-09:28:17 loop                                          Main            Pingrequest requested
12.05.2022-09:28:41 HTTP-Dispatcher                               Main            Successfully updated 2 websites
12.05.2022-09:28:47 loop                                          Main            Pingrequest requested
12.05.2022-09:28:47 HTTP-Dispatcher                               Main            Successfully updated 3 websites
12.05.2022-09:28:48 loop                                          Main            Pingrequest requested
12.05.2022-09:28:57 HTTP-Dispatcher                               Main            Successfully updated 2 websites
12.05.2022-09:29:18 loop                                          Main            Pingrequest requested
12.05.2022-09:29:48 loop                                          Main            Pingrequest requested
12.05.2022-09:29:49 loop                                          Main            Pingrequest requested
12.05.2022-09:30:19 loop                                          Main            Pingrequest requested
12.05.2022-09:30:50 loop                                          Main            Pingrequest requested
12.05.2022-09:30:51 loop                                          Main            Pingrequest requested
12.05.2022-09:31:21 loop                                          Main            Pingrequest requested
12.05.2022-09:31:51 loop                                          Main            Pingrequest requested
12.05.2022-09:31:52 loop                                          Main            Pingrequest requested
12.05.2022-09:32:22 loop                                          Main            Pingrequest requested
12.05.2022-09:32:52 loop                                          Main            Pingrequest requested
12.05.2022-09:32:54 loop                                          Main            Pingrequest requested
12.05.2022-09:33:24 loop                                          Main            Pingrequest requested
12.05.2022-09:33:48 HTTP-Dispatcher                               Main            Successfully updated 2 websites
12.05.2022-09:33:51 HTTP-Dispatcher                               Main            Successfully updated 2 websites
12.05.2022-09:33:54 loop                                          Main            Pingrequest requested
12.05.2022-09:33:54 HTTP-Dispatcher                               Main            Successfully updated 2 websites
12.05.2022-09:33:55 loop                                          Main            Pingrequest requested
12.05.2022-09:34:00 HTTP-Dispatcher                               Main            Successfully updated 2 websites
12.05.2022-09:34:00 HTTP-Dispatcher                               Main            Successfully updated 2 websites
12.05.2022-09:34:25 loop                                          Main            Pingrequest requested
12.05.2022-09:34:55 loop                                          Main            Pingrequest requested
12.05.2022-09:34:56 loop                                          Main            Pingrequest requested
12.05.2022-09:35:26 loop                                          Main            Pingrequest requested
12.05.2022-09:35:57 loop                                          Main            Pingrequest requested
12.05.2022-09:35:58 loop                                          Main            Pingrequest requested
12.05.2022-09:36:28 loop                                          Main            Pingrequest requested
