12.05.2022-13:33:04 main                                          DBLOG           Connecting to database
12.05.2022-13:33:05 loop                                          Main            Websiteupdate requested
12.05.2022-13:33:05 loop                                          Main            Successfully updated 11 websites
12.05.2022-13:33:05 loop                                          Main            Pingrequest requested
12.05.2022-13:33:37 loop                                          Main            Pingrequest requested
12.05.2022-13:34:09 loop                                          Main            Pingrequest requested
12.05.2022-13:34:12 loop                                          Main            Pingrequest requested
12.05.2022-13:34:19 HTTP-Dispatcher                               Main            Successfully updated 10 websites
12.05.2022-13:34:44 loop                                          Main            Pingrequest requested
12.05.2022-13:35:15 loop                                          Main            Pingrequest requested
12.05.2022-13:35:18 loop                                          Main            Pingrequest requested
12.05.2022-13:35:49 loop                                          Main            Pingrequest requested
12.05.2022-13:36:21 loop                                          Main            Pingrequest requested
12.05.2022-13:36:23 loop                                          Main            Pingrequest requested
12.05.2022-13:36:55 loop                                          Main            Pingrequest requested
12.05.2022-13:37:26 loop                                          Main            Pingrequest requested
12.05.2022-13:37:29 loop                                          Main            Pingrequest requested
12.05.2022-13:38:00 loop                                          Main            Pingrequest requested
12.05.2022-13:38:25 HTTP-Dispatcher                               Main            Successfully updated 10 websites
12.05.2022-13:38:32 loop                                          Main            Pingrequest requested
12.05.2022-13:38:34 loop                                          Main            Pingrequest requested
12.05.2022-13:39:06 loop                                          Main            Pingrequest requested
12.05.2022-13:39:38 loop                                          Main            Pingrequest requested
12.05.2022-13:39:40 loop                                          Main            Pingrequest requested
12.05.2022-13:40:12 loop                                          Main            Pingrequest requested
12.05.2022-13:40:43 loop                                          Main            Pingrequest requested
12.05.2022-13:40:46 loop                                          Main            Pingrequest requested
12.05.2022-13:41:17 loop                                          Main            Pingrequest requested
12.05.2022-13:41:49 loop                                          Main            Pingrequest requested
12.05.2022-13:41:51 loop                                          Main            Pingrequest requested
12.05.2022-13:42:23 loop                                          Main            Pingrequest requested
12.05.2022-13:42:54 loop                                          Main            Pingrequest requested
12.05.2022-13:42:57 loop                                          Main            Pingrequest requested
12.05.2022-13:43:09 HTTP-Dispatcher                               Main            Successfully updated 10 websites
12.05.2022-13:43:18 HTTP-Dispatcher                               Main            Successfully updated 10 websites
12.05.2022-13:43:24 HTTP-Dispatcher                               Main            Successfully updated 10 websites
12.05.2022-13:43:29 loop                                          Main            Pingrequest requested
12.05.2022-13:43:39 HTTP-Dispatcher                               Main            Successfully updated 11 websites
12.05.2022-13:43:39 HTTP-Dispatcher                               Main            Successfully updated 11 websites
12.05.2022-13:43:40 HTTP-Dispatcher                               Main            Successfully updated 12 websites
12.05.2022-13:43:40 HTTP-Dispatcher                               Main            Successfully updated 12 websites
12.05.2022-13:43:40 HTTP-Dispatcher                               Main            Successfully updated 13 websites
12.05.2022-13:43:40 HTTP-Dispatcher                               Main            Successfully updated 13 websites
12.05.2022-13:43:45 HTTP-Dispatcher                               Main            Successfully updated 14 websites
12.05.2022-13:43:45 HTTP-Dispatcher                               Main            Successfully updated 14 websites
12.05.2022-13:43:48 HTTP-Dispatcher                               Main            Successfully updated 15 websites
12.05.2022-13:43:48 HTTP-Dispatcher                               Main            Successfully updated 15 websites
12.05.2022-13:43:49 HTTP-Dispatcher                               Main            Successfully updated 16 websites
12.05.2022-13:43:49 HTTP-Dispatcher                               Main            Successfully updated 16 websites
12.05.2022-13:43:49 HTTP-Dispatcher                               Main            Successfully updated 17 websites
12.05.2022-13:43:49 HTTP-Dispatcher                               Main            Successfully updated 17 websites
12.05.2022-13:43:51 HTTP-Dispatcher                               Main            Successfully updated 18 websites
12.05.2022-13:43:51 HTTP-Dispatcher                               Main            Successfully updated 18 websites
12.05.2022-13:43:52 HTTP-Dispatcher                               Main            Successfully updated 19 websites
12.05.2022-13:43:52 HTTP-Dispatcher                               Main            Successfully updated 19 websites
12.05.2022-13:43:53 HTTP-Dispatcher                               Main            Successfully updated 20 websites
12.05.2022-13:43:53 HTTP-Dispatcher                               Main            Successfully updated 20 websites
12.05.2022-13:43:54 HTTP-Dispatcher                               Main            Successfully updated 21 websites
12.05.2022-13:43:54 HTTP-Dispatcher                               Main            Successfully updated 21 websites
12.05.2022-13:43:56 HTTP-Dispatcher                               Main            Successfully updated 21 websites
12.05.2022-13:43:56 HTTP-Dispatcher                               Main            Successfully updated 21 websites
12.05.2022-13:44:00 loop                                          Main            Pingrequest requested
12.05.2022-13:44:31 HTTP-Dispatcher                               Main            Successfully updated 21 websites
12.05.2022-13:44:41 HTTP-Dispatcher                               Main            Successfully updated 22 websites
12.05.2022-13:44:41 HTTP-Dispatcher                               Main            Successfully updated 22 websites
12.05.2022-13:44:42 HTTP-Dispatcher                               Main            Successfully updated 23 websites
12.05.2022-13:44:42 HTTP-Dispatcher                               Main            Successfully updated 23 websites
12.05.2022-13:44:42 HTTP-Dispatcher                               Main            Successfully updated 24 websites
12.05.2022-13:44:42 HTTP-Dispatcher                               Main            Successfully updated 24 websites
12.05.2022-13:45:17 HTTP-Dispatcher                               Main            Successfully updated 24 websites
12.05.2022-13:45:18 loop                                          Main            Pingrequest requested
12.05.2022-13:46:33 HTTP-Dispatcher                               Main            Successfully updated 24 websites
12.05.2022-13:47:19 loop                                          Main            Pingrequest requested
