11.05.2022-14:46:12 main                                          DBLOG           Connecting to database
11.05.2022-14:46:13 loop                                          Main            Websiteupdate requested
11.05.2022-14:46:13 loop                                          Main            Successfully updated 2 websites
11.05.2022-14:46:13 loop                                          Main            Pingrequest requested
11.05.2022-14:46:50 loop                                          Main            Pingrequest requested
11.05.2022-14:47:26 loop                                          Main            Pingrequest requested
11.05.2022-14:47:33 loop                                          Main            Pingrequest requested
11.05.2022-14:48:03 loop                                          Main            Pingrequest requested
11.05.2022-14:48:26 HTTP-Dispatcher                               Main            Successfully updated 1 websites
11.05.2022-14:48:26 HTTP-Dispatcher                               Main            Successfully updated 1 websites
11.05.2022-14:48:26 HTTP-Dispatcher                               Main            Successfully updated 1 websites
11.05.2022-14:48:26 HTTP-Dispatcher                               Main            Successfully updated 1 websites
11.05.2022-14:48:26 HTTP-Dispatcher                               Main            Successfully updated 1 websites
11.05.2022-14:48:26 HTTP-Dispatcher                               Main            Successfully updated 1 websites
11.05.2022-14:48:26 HTTP-Dispatcher                               Main            Successfully updated 1 websites
11.05.2022-14:48:26 HTTP-Dispatcher                               Main            Successfully updated 1 websites
11.05.2022-14:48:26 HTTP-Dispatcher                               Main            Successfully updated 1 websites
11.05.2022-14:48:26 HTTP-Dispatcher                               Main            Successfully updated 1 websites
11.05.2022-14:48:39 loop                                          Main            Pingrequest requested
11.05.2022-14:48:46 loop                                          Main            Pingrequest requested
11.05.2022-14:49:16 loop                                          Main            Pingrequest requested
11.05.2022-14:49:52 loop                                          Main            Pingrequest requested
11.05.2022-14:49:59 loop                                          Main            Pingrequest requested
11.05.2022-14:50:29 loop                                          Main            Pingrequest requested
11.05.2022-14:51:05 loop                                          Main            Pingrequest requested
11.05.2022-14:51:12 loop                                          Main            Pingrequest requested
11.05.2022-14:51:42 loop                                          Main            Pingrequest requested
