10.05.2022-16:14:20 main                                          DBLOG           Connecting to database
10.05.2022-16:14:21 main                                          Main            Webserver started
10.05.2022-16:14:22 loop                                          Main            Websiteupdate requested
10.05.2022-16:14:22 loop                                          Main            Successfully updated 3 websites
10.05.2022-16:14:22 loop                                          Main            Pingrequest requested
10.05.2022-16:14:52 loop                                          Main            Pingrequest requested
10.05.2022-16:15:23 loop                                          Main            Pingrequest requested
10.05.2022-16:15:24 loop                                          Main            Pingrequest requested
10.05.2022-16:15:54 loop                                          Main            Pingrequest requested
10.05.2022-16:16:24 loop                                          Main            Pingrequest requested
10.05.2022-16:16:25 loop                                          Main            Pingrequest requested
10.05.2022-16:16:55 loop                                          Main            Pingrequest requested
10.05.2022-16:17:25 loop                                          Main            Pingrequest requested
10.05.2022-16:17:26 loop                                          Main            Pingrequest requested
10.05.2022-16:17:56 loop                                          Main            Pingrequest requested
10.05.2022-16:18:26 loop                                          Main            Pingrequest requested
10.05.2022-16:18:27 loop                                          Main            Pingrequest requested
10.05.2022-16:18:57 loop                                          Main            Pingrequest requested
10.05.2022-16:19:28 loop                                          Main            Pingrequest requested
10.05.2022-16:19:29 loop                                          Main            Pingrequest requested
10.05.2022-16:19:59 loop                                          Main            Pingrequest requested
10.05.2022-16:20:29 loop                                          Main            Pingrequest requested
10.05.2022-16:20:30 loop                                          Main            Pingrequest requested
10.05.2022-16:21:00 loop                                          Main            Pingrequest requested
10.05.2022-16:21:30 loop                                          Main            Pingrequest requested
10.05.2022-16:21:31 loop                                          Main            Pingrequest requested
10.05.2022-16:22:01 loop                                          Main            Pingrequest requested
10.05.2022-16:22:31 loop                                          Main            Pingrequest requested
10.05.2022-16:22:32 loop                                          Main            Pingrequest requested
10.05.2022-16:23:03 loop                                          Main            Pingrequest requested
10.05.2022-16:23:33 loop                                          Main            Pingrequest requested
10.05.2022-16:23:34 loop                                          Main            Pingrequest requested
10.05.2022-16:24:04 loop                                          Main            Pingrequest requested
10.05.2022-16:24:34 loop                                          Main            Pingrequest requested
10.05.2022-16:24:35 loop                                          Main            Pingrequest requested
10.05.2022-16:25:05 loop                                          Main            Pingrequest requested
10.05.2022-16:25:35 loop                                          Main            Pingrequest requested
10.05.2022-16:25:36 loop                                          Main            Pingrequest requested
10.05.2022-16:26:06 loop                                          Main            Pingrequest requested
