11.05.2022-16:06:50 main                                          DBLOG           Connecting to database
11.05.2022-16:06:51 loop                                          Main            Websiteupdate requested
11.05.2022-16:06:51 loop                                          Main            Successfully updated 3 websites
11.05.2022-16:06:51 loop                                          Main            Pingrequest requested
11.05.2022-16:07:22 loop                                          Main            Pingrequest requested
11.05.2022-16:07:24 HTTP-Dispatcher                               Main            Successfully updated 2 websites
11.05.2022-16:07:52 loop                                          Main            Pingrequest requested
11.05.2022-16:07:53 loop                                          Main            Pingrequest requested
11.05.2022-16:08:23 loop                                          Main            Pingrequest requested
11.05.2022-16:08:54 loop                                          Main            Pingrequest requested
11.05.2022-16:08:55 loop                                          Main            Pingrequest requested
11.05.2022-16:09:25 loop                                          Main            Pingrequest requested
11.05.2022-16:09:55 loop                                          Main            Pingrequest requested
11.05.2022-16:09:56 loop                                          Main            Pingrequest requested
11.05.2022-16:10:26 loop                                          Main            Pingrequest requested
11.05.2022-16:10:56 loop                                          Main            Pingrequest requested
11.05.2022-16:10:58 loop                                          Main            Pingrequest requested
11.05.2022-16:11:28 loop                                          Main            Pingrequest requested
11.05.2022-16:11:58 loop                                          Main            Pingrequest requested
11.05.2022-16:11:59 loop                                          Main            Pingrequest requested
11.05.2022-16:12:10 HTTP-Dispatcher                               Main            Successfully updated 3 websites
11.05.2022-16:12:29 loop                                          Main            Pingrequest requested
11.05.2022-16:13:00 loop                                          Main            Pingrequest requested
11.05.2022-16:13:01 loop                                          Main            Pingrequest requested
11.05.2022-16:13:31 loop                                          Main            Pingrequest requested
11.05.2022-16:14:01 loop                                          Main            Pingrequest requested
11.05.2022-16:14:03 loop                                          Main            Pingrequest requested
11.05.2022-16:14:10 HTTP-Dispatcher                               Main            Successfully updated 3 websites
11.05.2022-16:14:33 loop                                          Main            Pingrequest requested
11.05.2022-16:15:03 loop                                          Main            Pingrequest requested
11.05.2022-16:15:04 loop                                          Main            Pingrequest requested
11.05.2022-16:15:35 loop                                          Main            Pingrequest requested
11.05.2022-16:16:05 loop                                          Main            Pingrequest requested
11.05.2022-16:16:06 loop                                          Main            Pingrequest requested
11.05.2022-16:16:36 loop                                          Main            Pingrequest requested
11.05.2022-16:17:07 loop                                          Main            Pingrequest requested
11.05.2022-16:17:08 loop                                          Main            Pingrequest requested
11.05.2022-16:17:12 HTTP-Dispatcher                               Main            Successfully updated 3 websites
11.05.2022-16:17:38 loop                                          Main            Pingrequest requested
11.05.2022-16:17:45 HTTP-Dispatcher                               Main            Successfully updated 3 websites
11.05.2022-16:18:08 loop                                          Main            Pingrequest requested
11.05.2022-16:18:10 loop                                          Main            Pingrequest requested
11.05.2022-16:18:40 loop                                          Main            Pingrequest requested
11.05.2022-16:19:10 loop                                          Main            Pingrequest requested
11.05.2022-16:19:12 loop                                          Main            Pingrequest requested
11.05.2022-16:19:41 HTTP-Dispatcher                               Main            Successfully updated 3 websites
11.05.2022-16:19:43 loop                                          Main            Pingrequest requested
11.05.2022-16:19:48 HTTP-Dispatcher                               Main            Successfully updated 3 websites
11.05.2022-16:20:13 loop                                          Main            Pingrequest requested
11.05.2022-16:20:15 loop                                          Main            Pingrequest requested
11.05.2022-16:20:45 loop                                          Main            Pingrequest requested
11.05.2022-16:21:15 loop                                          Main            Pingrequest requested
11.05.2022-16:21:16 loop                                          Main            Pingrequest requested
11.05.2022-16:21:45 HTTP-Dispatcher                               Main            Successfully updated 3 websites
11.05.2022-16:21:47 loop                                          Main            Pingrequest requested
11.05.2022-16:21:52 HTTP-Dispatcher                               Main            Successfully updated 3 websites
11.05.2022-16:22:11 HTTP-Dispatcher                               Main            Successfully updated 3 websites
11.05.2022-16:22:17 loop                                          Main            Pingrequest requested
11.05.2022-16:22:18 loop                                          Main            Pingrequest requested
11.05.2022-16:22:48 loop                                          Main            Pingrequest requested
11.05.2022-16:23:19 loop                                          Main            Pingrequest requested
11.05.2022-16:23:20 loop                                          Main            Pingrequest requested
11.05.2022-16:23:24 HTTP-Dispatcher                               Main            Successfully updated 3 websites
11.05.2022-16:23:40 HTTP-Dispatcher                               Main            Successfully updated 3 websites
11.05.2022-16:23:50 loop                                          Main            Pingrequest requested
11.05.2022-16:24:20 loop                                          Main            Pingrequest requested
11.05.2022-16:24:22 loop                                          Main            Pingrequest requested
11.05.2022-16:24:52 loop                                          Main            Pingrequest requested
11.05.2022-16:25:22 loop                                          Main            Pingrequest requested
11.05.2022-16:25:24 loop                                          Main            Pingrequest requested
11.05.2022-16:25:41 HTTP-Dispatcher                               Main            Successfully updated 3 websites
11.05.2022-16:25:43 HTTP-Dispatcher                               Main            Successfully updated 3 websites
11.05.2022-16:25:54 loop                                          Main            Pingrequest requested
11.05.2022-16:26:24 loop                                          Main            Pingrequest requested
11.05.2022-16:26:25 loop                                          Main            Pingrequest requested
11.05.2022-16:26:56 loop                                          Main            Pingrequest requested
11.05.2022-16:27:26 loop                                          Main            Pingrequest requested
11.05.2022-16:27:27 loop                                          Main            Pingrequest requested
11.05.2022-16:27:57 loop                                          Main            Pingrequest requested
11.05.2022-16:28:28 loop                                          Main            Pingrequest requested
11.05.2022-16:28:29 loop                                          Main            Pingrequest requested
11.05.2022-16:28:59 loop                                          Main            Pingrequest requested
11.05.2022-16:29:29 loop                                          Main            Pingrequest requested
11.05.2022-16:29:31 loop                                          Main            Pingrequest requested
11.05.2022-16:29:54 HTTP-Dispatcher                               Main            Successfully updated 3 websites
11.05.2022-16:30:01 loop                                          Main            Pingrequest requested
11.05.2022-16:30:31 loop                                          Main            Pingrequest requested
11.05.2022-16:30:32 loop                                          Main            Pingrequest requested
11.05.2022-16:30:56 HTTP-Dispatcher                               Main            Successfully updated 3 websites
11.05.2022-16:31:03 loop                                          Main            Pingrequest requested
11.05.2022-16:31:23 HTTP-Dispatcher                               Main            Successfully updated 3 websites
11.05.2022-16:31:33 loop                                          Main            Pingrequest requested
11.05.2022-16:31:34 loop                                          Main            Pingrequest requested
11.05.2022-16:32:04 loop                                          Main            Pingrequest requested
11.05.2022-16:32:35 loop                                          Main            Pingrequest requested
11.05.2022-16:32:36 loop                                          Main            Pingrequest requested
11.05.2022-16:33:06 loop                                          Main            Pingrequest requested
11.05.2022-16:33:37 loop                                          Main            Pingrequest requested
11.05.2022-16:33:38 loop                                          Main            Pingrequest requested
11.05.2022-16:34:08 loop                                          Main            Pingrequest requested
11.05.2022-16:34:39 loop                                          Main            Pingrequest requested
11.05.2022-16:34:40 loop                                          Main            Pingrequest requested
11.05.2022-16:35:10 loop                                          Main            Pingrequest requested
11.05.2022-16:35:40 loop                                          Main            Pingrequest requested
11.05.2022-16:35:42 loop                                          Main            Pingrequest requested
11.05.2022-16:36:12 loop                                          Main            Pingrequest requested
11.05.2022-16:36:42 loop                                          Main            Pingrequest requested
11.05.2022-16:36:43 loop                                          Main            Pingrequest requested
11.05.2022-16:37:14 loop                                          Main            Pingrequest requested
11.05.2022-16:37:44 loop                                          Main            Pingrequest requested
11.05.2022-16:37:45 loop                                          Main            Websiteupdate requested
11.05.2022-16:37:45 loop                                          Main            Successfully updated 3 websites
11.05.2022-16:37:45 loop                                          Main            Pingrequest requested
11.05.2022-16:38:16 loop                                          Main            Pingrequest requested
11.05.2022-16:38:46 loop                                          Main            Pingrequest requested
11.05.2022-16:38:47 loop                                          Main            Pingrequest requested
11.05.2022-16:39:18 loop                                          Main            Pingrequest requested
11.05.2022-16:39:45 HTTP-Dispatcher                               Main            Successfully updated 3 websites
11.05.2022-16:39:48 loop                                          Main            Pingrequest requested
11.05.2022-16:39:49 loop                                          Main            Pingrequest requested
11.05.2022-16:39:56 HTTP-Dispatcher                               Main            Successfully updated 3 websites
11.05.2022-16:39:57 HTTP-Dispatcher                               Main            Successfully updated 3 websites
11.05.2022-16:39:57 HTTP-Dispatcher                               Main            Successfully updated 3 websites
11.05.2022-16:40:19 loop                                          Main            Pingrequest requested
11.05.2022-16:40:23 HTTP-Dispatcher                               Main            Successfully updated 3 websites
11.05.2022-16:40:40 HTTP-Dispatcher                               Main            Successfully updated 3 websites
11.05.2022-16:40:46 HTTP-Dispatcher                               Main            Successfully updated 3 websites
11.05.2022-16:40:50 loop                                          Main            Pingrequest requested
11.05.2022-16:40:50 HTTP-Dispatcher                               Main            Successfully updated 2 websites
11.05.2022-16:40:51 loop                                          Main            Pingrequest requested
11.05.2022-16:40:53 HTTP-Dispatcher                               Main            Successfully updated 1 websites
11.05.2022-16:41:21 loop                                          Main            Pingrequest requested
11.05.2022-16:41:51 loop                                          Main            Pingrequest requested
11.05.2022-16:41:52 loop                                          Main            Pingrequest requested
11.05.2022-16:42:22 loop                                          Main            Pingrequest requested
11.05.2022-16:42:52 loop                                          Main            Pingrequest requested
11.05.2022-16:42:53 loop                                          Main            Pingrequest requested
11.05.2022-16:43:23 loop                                          Main            Pingrequest requested
11.05.2022-16:43:42 HTTP-Dispatcher                               Main            Successfully updated 1 websites
11.05.2022-16:43:50 HTTP-Dispatcher                               Main            Successfully updated 1 websites
11.05.2022-16:43:53 loop                                          Main            Pingrequest requested
11.05.2022-16:43:54 loop                                          Main            Pingrequest requested
11.05.2022-16:43:58 HTTP-Dispatcher                               Main            Successfully updated 1 websites
11.05.2022-16:43:59 HTTP-Dispatcher                               Main            Successfully updated 1 websites
11.05.2022-16:44:01 HTTP-Dispatcher                               Main            Successfully updated 1 websites
11.05.2022-16:44:08 HTTP-Dispatcher                               Main            Successfully updated 1 websites
11.05.2022-16:44:24 loop                                          Main            Pingrequest requested
11.05.2022-16:44:45 HTTP-Dispatcher                               Main            Successfully updated 1 websites
11.05.2022-16:44:54 loop                                          Main            Pingrequest requested
11.05.2022-16:44:55 loop                                          Main            Pingrequest requested
11.05.2022-16:44:58 HTTP-Dispatcher                               Main            Successfully updated 1 websites
11.05.2022-16:45:25 loop                                          Main            Pingrequest requested
11.05.2022-16:45:32 Shutdown                                      Main            Schutdown initiated
