12.05.2022-11:21:08 main                                          DBLOG           Connecting to database
12.05.2022-11:21:09 loop                                          Main            Websiteupdate requested
12.05.2022-11:21:09 loop                                          Main            Successfully updated 1 websites
12.05.2022-11:21:09 loop                                          Main            Pingrequest requested
12.05.2022-11:21:12 HTTP-Dispatcher                               Main            Successfully updated 1 websites
12.05.2022-11:21:30 HTTP-Dispatcher                               Main            Successfully updated 2 websites
12.05.2022-11:21:39 loop                                          Main            Pingrequest requested
12.05.2022-11:21:42 HTTP-Dispatcher                               Main            Successfully updated 3 websites
12.05.2022-11:21:50 HTTP-Dispatcher                               Main            Successfully updated 4 websites
12.05.2022-11:21:55 HTTP-Dispatcher                               Main            Successfully updated 5 websites
12.05.2022-11:22:10 loop                                          Main            Pingrequest requested
12.05.2022-11:22:11 loop                                          Main            Pingrequest requested
12.05.2022-11:22:41 HTTP-Dispatcher                               Main            Successfully updated 5 websites
12.05.2022-11:22:42 loop                                          Main            Pingrequest requested
12.05.2022-11:23:13 loop                                          Main            Pingrequest requested
12.05.2022-11:23:15 loop                                          Main            Pingrequest requested
12.05.2022-11:23:46 loop                                          Main            Pingrequest requested
12.05.2022-11:24:16 loop                                          Main            Pingrequest requested
12.05.2022-11:24:18 loop                                          Main            Pingrequest requested
12.05.2022-11:24:25 HTTP-Dispatcher                               Main            Successfully updated 5 websites
12.05.2022-11:24:49 loop                                          Main            Pingrequest requested
12.05.2022-11:25:20 loop                                          Main            Pingrequest requested
12.05.2022-11:25:22 loop                                          Main            Pingrequest requested
12.05.2022-11:25:52 loop                                          Main            Pingrequest requested
12.05.2022-11:25:55 HTTP-Dispatcher                               Main            Successfully updated 5 websites
12.05.2022-11:26:23 loop                                          Main            Pingrequest requested
12.05.2022-11:26:25 loop                                          Main            Pingrequest requested
12.05.2022-11:26:56 loop                                          Main            Pingrequest requested
12.05.2022-11:27:00 HTTP-Dispatcher                               Main            Successfully updated 5 websites
12.05.2022-11:27:27 loop                                          Main            Pingrequest requested
12.05.2022-11:27:28 loop                                          Main            Pingrequest requested
12.05.2022-11:27:35 HTTP-Dispatcher                               Main            Successfully updated 5 websites
12.05.2022-11:27:35 HTTP-Dispatcher                               Main            Successfully updated 5 websites
12.05.2022-11:27:40 HTTP-Dispatcher                               Main            Successfully updated 5 websites
12.05.2022-11:27:40 HTTP-Dispatcher                               Main            Successfully updated 5 websites
12.05.2022-11:27:41 HTTP-Dispatcher                               Main            Successfully updated 5 websites
12.05.2022-11:27:41 HTTP-Dispatcher                               Main            Successfully updated 5 websites
12.05.2022-11:27:42 HTTP-Dispatcher                               Main            Successfully updated 5 websites
12.05.2022-11:27:52 HTTP-Dispatcher                               Main            Successfully updated 4 websites
12.05.2022-11:27:59 loop                                          Main            Pingrequest requested
12.05.2022-11:27:59 HTTP-Dispatcher                               Main            Successfully updated 3 websites
12.05.2022-11:28:29 loop                                          Main            Pingrequest requested
12.05.2022-11:28:30 HTTP-Dispatcher                               Main            Successfully updated 4 websites
12.05.2022-11:28:30 loop                                          Main            Pingrequest requested
12.05.2022-11:29:01 loop                                          Main            Pingrequest requested
12.05.2022-11:29:31 loop                                          Main            Pingrequest requested
12.05.2022-11:29:32 loop                                          Main            Pingrequest requested
12.05.2022-11:30:03 loop                                          Main            Pingrequest requested
12.05.2022-11:30:13 HTTP-Dispatcher                               Main            Successfully updated 4 websites
12.05.2022-11:30:33 loop                                          Main            Pingrequest requested
12.05.2022-11:30:34 loop                                          Main            Pingrequest requested
12.05.2022-11:31:05 loop                                          Main            Pingrequest requested
12.05.2022-11:31:35 loop                                          Main            Pingrequest requested
12.05.2022-11:31:36 loop                                          Main            Pingrequest requested
12.05.2022-11:32:06 loop                                          Main            Pingrequest requested
12.05.2022-11:32:37 loop                                          Main            Pingrequest requested
12.05.2022-11:32:38 loop                                          Main            Pingrequest requested
12.05.2022-11:33:08 loop                                          Main            Pingrequest requested
12.05.2022-11:33:39 loop                                          Main            Pingrequest requested
12.05.2022-11:33:40 loop                                          Main            Pingrequest requested
12.05.2022-11:34:11 loop                                          Main            Pingrequest requested
12.05.2022-11:34:41 loop                                          Main            Pingrequest requested
12.05.2022-11:34:42 loop                                          Main            Pingrequest requested
